C:\Users\jorge\OneDrive\jorgeprg\javascript\examples\FlexLayoutExamples\FlexLayoutExamplesWeb\dist\out-tsc\src\app\flex-layout-column.component.js
C:\Users\jorge\OneDrive\jorgeprg\javascript\examples\FlexLayoutExamples\FlexLayoutExamplesWeb\dist\out-tsc\src\app\flex-layout-column.component.js.map
C:\Users\jorge\OneDrive\jorgeprg\javascript\examples\FlexLayoutExamples\FlexLayoutExamplesWeb\dist\out-tsc\src\app\app-routing.module.js
C:\Users\jorge\OneDrive\jorgeprg\javascript\examples\FlexLayoutExamples\FlexLayoutExamplesWeb\dist\out-tsc\src\app\app-routing.module.js.map
C:\Users\jorge\OneDrive\jorgeprg\javascript\examples\FlexLayoutExamples\FlexLayoutExamplesWeb\dist\out-tsc\src\app\app.component.js
C:\Users\jorge\OneDrive\jorgeprg\javascript\examples\FlexLayoutExamples\FlexLayoutExamplesWeb\dist\out-tsc\src\app\app.component.js.map
C:\Users\jorge\OneDrive\jorgeprg\javascript\examples\FlexLayoutExamples\FlexLayoutExamplesWeb\dist\out-tsc\src\app\app.module.js
C:\Users\jorge\OneDrive\jorgeprg\javascript\examples\FlexLayoutExamples\FlexLayoutExamplesWeb\dist\out-tsc\src\app\app.module.js.map
C:\Users\jorge\OneDrive\jorgeprg\javascript\examples\FlexLayoutExamples\FlexLayoutExamplesWeb\dist\out-tsc\src\environments\environment.js
C:\Users\jorge\OneDrive\jorgeprg\javascript\examples\FlexLayoutExamples\FlexLayoutExamplesWeb\dist\out-tsc\src\environments\environment.js.map
C:\Users\jorge\OneDrive\jorgeprg\javascript\examples\FlexLayoutExamples\FlexLayoutExamplesWeb\dist\out-tsc\src\main.js
C:\Users\jorge\OneDrive\jorgeprg\javascript\examples\FlexLayoutExamples\FlexLayoutExamplesWeb\dist\out-tsc\src\main.js.map
C:\Users\jorge\OneDrive\jorgeprg\javascript\examples\FlexLayoutExamples\FlexLayoutExamplesWeb\dist\out-tsc\src\polyfills.js
C:\Users\jorge\OneDrive\jorgeprg\javascript\examples\FlexLayoutExamples\FlexLayoutExamplesWeb\dist\out-tsc\src\polyfills.js.map
C:\Users\jorge\OneDrive\jorgeprg\javascript\examples\FlexLayoutExamples\FlexLayoutExamplesWeb\dist\out-tsc\src\test.js
C:\Users\jorge\OneDrive\jorgeprg\javascript\examples\FlexLayoutExamples\FlexLayoutExamplesWeb\dist\out-tsc\src\test.js.map
C:\Users\jorge\OneDrive\jorgeprg\javascript\examples\FlexLayoutExamples\FlexLayoutExamplesWeb\dist\out-tsc\src\environments\environment.prod.js
C:\Users\jorge\OneDrive\jorgeprg\javascript\examples\FlexLayoutExamples\FlexLayoutExamplesWeb\dist\out-tsc\src\environments\environment.prod.js.map
C:\Users\jorge\OneDrive\jorgeprg\javascript\examples\FlexLayoutExamples\FlexLayoutExamplesWeb\dist\out-tsc\e2e\app.po.js
C:\Users\jorge\OneDrive\jorgeprg\javascript\examples\FlexLayoutExamples\FlexLayoutExamplesWeb\dist\out-tsc\e2e\app.po.js.map
C:\Users\jorge\OneDrive\jorgeprg\javascript\examples\FlexLayoutExamples\FlexLayoutExamplesWeb\dist\out-tsc\e2e\app.e2e-spec.js
C:\Users\jorge\OneDrive\jorgeprg\javascript\examples\FlexLayoutExamples\FlexLayoutExamplesWeb\dist\out-tsc\e2e\app.e2e-spec.js.map
C:\Users\jorge\OneDrive\jorgeprg\javascript\examples\FlexLayoutExamples\FlexLayoutExamplesWeb\dist\out-tsc\src\app\flex-layout-column.component.js
C:\Users\jorge\OneDrive\jorgeprg\javascript\examples\FlexLayoutExamples\FlexLayoutExamplesWeb\dist\out-tsc\src\app\flex-layout-column.component.js.map
C:\Users\jorge\OneDrive\jorgeprg\javascript\examples\FlexLayoutExamples\FlexLayoutExamplesWeb\dist\out-tsc\src\app\app-routing.module.js
C:\Users\jorge\OneDrive\jorgeprg\javascript\examples\FlexLayoutExamples\FlexLayoutExamplesWeb\dist\out-tsc\src\app\app-routing.module.js.map
C:\Users\jorge\OneDrive\jorgeprg\javascript\examples\FlexLayoutExamples\FlexLayoutExamplesWeb\dist\out-tsc\src\app\app.component.js
C:\Users\jorge\OneDrive\jorgeprg\javascript\examples\FlexLayoutExamples\FlexLayoutExamplesWeb\dist\out-tsc\src\app\app.component.js.map
C:\Users\jorge\OneDrive\jorgeprg\javascript\examples\FlexLayoutExamples\FlexLayoutExamplesWeb\dist\out-tsc\src\app\app.module.js
C:\Users\jorge\OneDrive\jorgeprg\javascript\examples\FlexLayoutExamples\FlexLayoutExamplesWeb\dist\out-tsc\src\app\app.module.js.map
C:\Users\jorge\OneDrive\jorgeprg\javascript\examples\FlexLayoutExamples\FlexLayoutExamplesWeb\dist\out-tsc\src\environments\environment.js
C:\Users\jorge\OneDrive\jorgeprg\javascript\examples\FlexLayoutExamples\FlexLayoutExamplesWeb\dist\out-tsc\src\environments\environment.js.map
C:\Users\jorge\OneDrive\jorgeprg\javascript\examples\FlexLayoutExamples\FlexLayoutExamplesWeb\dist\out-tsc\src\main.js
C:\Users\jorge\OneDrive\jorgeprg\javascript\examples\FlexLayoutExamples\FlexLayoutExamplesWeb\dist\out-tsc\src\main.js.map
C:\Users\jorge\OneDrive\jorgeprg\javascript\examples\FlexLayoutExamples\FlexLayoutExamplesWeb\dist\out-tsc\src\polyfills.js
C:\Users\jorge\OneDrive\jorgeprg\javascript\examples\FlexLayoutExamples\FlexLayoutExamplesWeb\dist\out-tsc\src\polyfills.js.map
C:\Users\jorge\OneDrive\jorgeprg\javascript\examples\FlexLayoutExamples\FlexLayoutExamplesWeb\dist\out-tsc\src\test.js
C:\Users\jorge\OneDrive\jorgeprg\javascript\examples\FlexLayoutExamples\FlexLayoutExamplesWeb\dist\out-tsc\src\test.js.map
C:\Users\jorge\OneDrive\jorgeprg\javascript\examples\FlexLayoutExamples\FlexLayoutExamplesWeb\dist\out-tsc\src\environments\environment.prod.js
C:\Users\jorge\OneDrive\jorgeprg\javascript\examples\FlexLayoutExamples\FlexLayoutExamplesWeb\dist\out-tsc\src\environments\environment.prod.js.map
C:\Users\jorge\OneDrive\jorgeprg\javascript\examples\FlexLayoutExamples\FlexLayoutExamplesWeb\dist\out-tsc\src\app\side-nav.component.js
C:\Users\jorge\OneDrive\jorgeprg\javascript\examples\FlexLayoutExamples\FlexLayoutExamplesWeb\dist\out-tsc\src\app\side-nav.component.js.map
C:\Users\jorge\OneDrive\jorgeprg\javascript\examples\FlexLayoutExamples\FlexLayoutExamplesWeb\dist\out-tsc\e2e\app.po.js
C:\Users\jorge\OneDrive\jorgeprg\javascript\examples\FlexLayoutExamples\FlexLayoutExamplesWeb\dist\out-tsc\e2e\app.po.js.map
C:\Users\jorge\OneDrive\jorgeprg\javascript\examples\FlexLayoutExamples\FlexLayoutExamplesWeb\dist\out-tsc\e2e\app.e2e-spec.js
C:\Users\jorge\OneDrive\jorgeprg\javascript\examples\FlexLayoutExamples\FlexLayoutExamplesWeb\dist\out-tsc\e2e\app.e2e-spec.js.map
C:\Users\jorge\OneDrive\jorgeprg\javascript\examples\FlexLayoutExamples\FlexLayoutExamplesWeb\dist\out-tsc\src\app\flex-layout-column.component.js
C:\Users\jorge\OneDrive\jorgeprg\javascript\examples\FlexLayoutExamples\FlexLayoutExamplesWeb\dist\out-tsc\src\app\flex-layout-column.component.js.map
C:\Users\jorge\OneDrive\jorgeprg\javascript\examples\FlexLayoutExamples\FlexLayoutExamplesWeb\dist\out-tsc\src\app\app-routing.module.js
C:\Users\jorge\OneDrive\jorgeprg\javascript\examples\FlexLayoutExamples\FlexLayoutExamplesWeb\dist\out-tsc\src\app\app-routing.module.js.map
C:\Users\jorge\OneDrive\jorgeprg\javascript\examples\FlexLayoutExamples\FlexLayoutExamplesWeb\dist\out-tsc\src\app\app.component.js
C:\Users\jorge\OneDrive\jorgeprg\javascript\examples\FlexLayoutExamples\FlexLayoutExamplesWeb\dist\out-tsc\src\app\app.component.js.map
C:\Users\jorge\OneDrive\jorgeprg\javascript\examples\FlexLayoutExamples\FlexLayoutExamplesWeb\dist\out-tsc\src\app\side-nav.component.js
C:\Users\jorge\OneDrive\jorgeprg\javascript\examples\FlexLayoutExamples\FlexLayoutExamplesWeb\dist\out-tsc\src\app\side-nav.component.js.map
C:\Users\jorge\OneDrive\jorgeprg\javascript\examples\FlexLayoutExamples\FlexLayoutExamplesWeb\dist\out-tsc\src\app\app.module.js
C:\Users\jorge\OneDrive\jorgeprg\javascript\examples\FlexLayoutExamples\FlexLayoutExamplesWeb\dist\out-tsc\src\app\app.module.js.map
C:\Users\jorge\OneDrive\jorgeprg\javascript\examples\FlexLayoutExamples\FlexLayoutExamplesWeb\dist\out-tsc\src\environments\environment.js
C:\Users\jorge\OneDrive\jorgeprg\javascript\examples\FlexLayoutExamples\FlexLayoutExamplesWeb\dist\out-tsc\src\environments\environment.js.map
C:\Users\jorge\OneDrive\jorgeprg\javascript\examples\FlexLayoutExamples\FlexLayoutExamplesWeb\dist\out-tsc\src\main.js
C:\Users\jorge\OneDrive\jorgeprg\javascript\examples\FlexLayoutExamples\FlexLayoutExamplesWeb\dist\out-tsc\src\main.js.map
C:\Users\jorge\OneDrive\jorgeprg\javascript\examples\FlexLayoutExamples\FlexLayoutExamplesWeb\dist\out-tsc\src\polyfills.js
C:\Users\jorge\OneDrive\jorgeprg\javascript\examples\FlexLayoutExamples\FlexLayoutExamplesWeb\dist\out-tsc\src\polyfills.js.map
C:\Users\jorge\OneDrive\jorgeprg\javascript\examples\FlexLayoutExamples\FlexLayoutExamplesWeb\dist\out-tsc\src\test.js
C:\Users\jorge\OneDrive\jorgeprg\javascript\examples\FlexLayoutExamples\FlexLayoutExamplesWeb\dist\out-tsc\src\test.js.map
C:\Users\jorge\OneDrive\jorgeprg\javascript\examples\FlexLayoutExamples\FlexLayoutExamplesWeb\dist\out-tsc\src\environments\environment.prod.js
C:\Users\jorge\OneDrive\jorgeprg\javascript\examples\FlexLayoutExamples\FlexLayoutExamplesWeb\dist\out-tsc\src\environments\environment.prod.js.map
C:\Users\jorge\OneDrive\jorgeprg\javascript\examples\FlexLayoutExamples\FlexLayoutExamplesWeb\dist\out-tsc\e2e\app.po.js
C:\Users\jorge\OneDrive\jorgeprg\javascript\examples\FlexLayoutExamples\FlexLayoutExamplesWeb\dist\out-tsc\e2e\app.po.js.map
C:\Users\jorge\OneDrive\jorgeprg\javascript\examples\FlexLayoutExamples\FlexLayoutExamplesWeb\dist\out-tsc\e2e\app.e2e-spec.js
C:\Users\jorge\OneDrive\jorgeprg\javascript\examples\FlexLayoutExamples\FlexLayoutExamplesWeb\dist\out-tsc\e2e\app.e2e-spec.js.map
C:\Users\jorge\OneDrive\jorgeprg\javascript\examples\FlexLayoutExamples\FlexLayoutExamplesWeb\dist\out-tsc\src\app\flex-layout-column.component.js
C:\Users\jorge\OneDrive\jorgeprg\javascript\examples\FlexLayoutExamples\FlexLayoutExamplesWeb\dist\out-tsc\src\app\flex-layout-column.component.js.map
C:\Users\jorge\OneDrive\jorgeprg\javascript\examples\FlexLayoutExamples\FlexLayoutExamplesWeb\dist\out-tsc\src\app\app-routing.module.js
C:\Users\jorge\OneDrive\jorgeprg\javascript\examples\FlexLayoutExamples\FlexLayoutExamplesWeb\dist\out-tsc\src\app\app-routing.module.js.map
C:\Users\jorge\OneDrive\jorgeprg\javascript\examples\FlexLayoutExamples\FlexLayoutExamplesWeb\dist\out-tsc\src\app\app.component.js
C:\Users\jorge\OneDrive\jorgeprg\javascript\examples\FlexLayoutExamples\FlexLayoutExamplesWeb\dist\out-tsc\src\app\app.component.js.map
C:\Users\jorge\OneDrive\jorgeprg\javascript\examples\FlexLayoutExamples\FlexLayoutExamplesWeb\dist\out-tsc\src\app\app.module.js
C:\Users\jorge\OneDrive\jorgeprg\javascript\examples\FlexLayoutExamples\FlexLayoutExamplesWeb\dist\out-tsc\src\app\app.module.js.map
C:\Users\jorge\OneDrive\jorgeprg\javascript\examples\FlexLayoutExamples\FlexLayoutExamplesWeb\dist\out-tsc\src\environments\environment.js
C:\Users\jorge\OneDrive\jorgeprg\javascript\examples\FlexLayoutExamples\FlexLayoutExamplesWeb\dist\out-tsc\src\environments\environment.js.map
C:\Users\jorge\OneDrive\jorgeprg\javascript\examples\FlexLayoutExamples\FlexLayoutExamplesWeb\dist\out-tsc\src\main.js
C:\Users\jorge\OneDrive\jorgeprg\javascript\examples\FlexLayoutExamples\FlexLayoutExamplesWeb\dist\out-tsc\src\main.js.map
C:\Users\jorge\OneDrive\jorgeprg\javascript\examples\FlexLayoutExamples\FlexLayoutExamplesWeb\dist\out-tsc\src\polyfills.js
C:\Users\jorge\OneDrive\jorgeprg\javascript\examples\FlexLayoutExamples\FlexLayoutExamplesWeb\dist\out-tsc\src\polyfills.js.map
C:\Users\jorge\OneDrive\jorgeprg\javascript\examples\FlexLayoutExamples\FlexLayoutExamplesWeb\dist\out-tsc\src\test.js
C:\Users\jorge\OneDrive\jorgeprg\javascript\examples\FlexLayoutExamples\FlexLayoutExamplesWeb\dist\out-tsc\src\test.js.map
C:\Users\jorge\OneDrive\jorgeprg\javascript\examples\FlexLayoutExamples\FlexLayoutExamplesWeb\dist\out-tsc\src\environments\environment.prod.js
C:\Users\jorge\OneDrive\jorgeprg\javascript\examples\FlexLayoutExamples\FlexLayoutExamplesWeb\dist\out-tsc\src\environments\environment.prod.js.map
C:\Users\jorge\OneDrive\jorgeprg\javascript\examples\FlexLayoutExamples\FlexLayoutExamplesWeb\dist\out-tsc\src\app\side-nav.component.js
C:\Users\jorge\OneDrive\jorgeprg\javascript\examples\FlexLayoutExamples\FlexLayoutExamplesWeb\dist\out-tsc\src\app\side-nav.component.js.map
C:\Users\jorge\OneDrive\jorgeprg\javascript\examples\FlexLayoutExamples\FlexLayoutExamplesWeb\dist\out-tsc\e2e\app.po.js
C:\Users\jorge\OneDrive\jorgeprg\javascript\examples\FlexLayoutExamples\FlexLayoutExamplesWeb\dist\out-tsc\e2e\app.po.js.map
C:\Users\jorge\OneDrive\jorgeprg\javascript\examples\FlexLayoutExamples\FlexLayoutExamplesWeb\dist\out-tsc\e2e\app.e2e-spec.js
C:\Users\jorge\OneDrive\jorgeprg\javascript\examples\FlexLayoutExamples\FlexLayoutExamplesWeb\dist\out-tsc\e2e\app.e2e-spec.js.map
C:\Users\jorge\OneDrive\jorgeprg\javascript\examples\FlexLayoutExamples\FlexLayoutExamplesWeb\dist\out-tsc\src\app\flex-layout-column.component.js
C:\Users\jorge\OneDrive\jorgeprg\javascript\examples\FlexLayoutExamples\FlexLayoutExamplesWeb\dist\out-tsc\src\app\flex-layout-column.component.js.map
C:\Users\jorge\OneDrive\jorgeprg\javascript\examples\FlexLayoutExamples\FlexLayoutExamplesWeb\dist\out-tsc\src\app\side-nav.component.js
C:\Users\jorge\OneDrive\jorgeprg\javascript\examples\FlexLayoutExamples\FlexLayoutExamplesWeb\dist\out-tsc\src\app\side-nav.component.js.map
C:\Users\jorge\OneDrive\jorgeprg\javascript\examples\FlexLayoutExamples\FlexLayoutExamplesWeb\dist\out-tsc\src\app\angular-material.component.js
C:\Users\jorge\OneDrive\jorgeprg\javascript\examples\FlexLayoutExamples\FlexLayoutExamplesWeb\dist\out-tsc\src\app\angular-material.component.js.map
C:\Users\jorge\OneDrive\jorgeprg\javascript\examples\FlexLayoutExamples\FlexLayoutExamplesWeb\dist\out-tsc\src\app\app-routing.module.js
C:\Users\jorge\OneDrive\jorgeprg\javascript\examples\FlexLayoutExamples\FlexLayoutExamplesWeb\dist\out-tsc\src\app\app-routing.module.js.map
C:\Users\jorge\OneDrive\jorgeprg\javascript\examples\FlexLayoutExamples\FlexLayoutExamplesWeb\dist\out-tsc\src\app\app.component.js
C:\Users\jorge\OneDrive\jorgeprg\javascript\examples\FlexLayoutExamples\FlexLayoutExamplesWeb\dist\out-tsc\src\app\app.component.js.map
C:\Users\jorge\OneDrive\jorgeprg\javascript\examples\FlexLayoutExamples\FlexLayoutExamplesWeb\dist\out-tsc\src\app\app.module.js
C:\Users\jorge\OneDrive\jorgeprg\javascript\examples\FlexLayoutExamples\FlexLayoutExamplesWeb\dist\out-tsc\src\app\app.module.js.map
C:\Users\jorge\OneDrive\jorgeprg\javascript\examples\FlexLayoutExamples\FlexLayoutExamplesWeb\dist\out-tsc\src\environments\environment.js
C:\Users\jorge\OneDrive\jorgeprg\javascript\examples\FlexLayoutExamples\FlexLayoutExamplesWeb\dist\out-tsc\src\environments\environment.js.map
C:\Users\jorge\OneDrive\jorgeprg\javascript\examples\FlexLayoutExamples\FlexLayoutExamplesWeb\dist\out-tsc\src\main.js
C:\Users\jorge\OneDrive\jorgeprg\javascript\examples\FlexLayoutExamples\FlexLayoutExamplesWeb\dist\out-tsc\src\main.js.map
C:\Users\jorge\OneDrive\jorgeprg\javascript\examples\FlexLayoutExamples\FlexLayoutExamplesWeb\dist\out-tsc\src\polyfills.js
C:\Users\jorge\OneDrive\jorgeprg\javascript\examples\FlexLayoutExamples\FlexLayoutExamplesWeb\dist\out-tsc\src\polyfills.js.map
C:\Users\jorge\OneDrive\jorgeprg\javascript\examples\FlexLayoutExamples\FlexLayoutExamplesWeb\dist\out-tsc\src\test.js
C:\Users\jorge\OneDrive\jorgeprg\javascript\examples\FlexLayoutExamples\FlexLayoutExamplesWeb\dist\out-tsc\src\test.js.map
C:\Users\jorge\OneDrive\jorgeprg\javascript\examples\FlexLayoutExamples\FlexLayoutExamplesWeb\dist\out-tsc\src\environments\environment.prod.js
C:\Users\jorge\OneDrive\jorgeprg\javascript\examples\FlexLayoutExamples\FlexLayoutExamplesWeb\dist\out-tsc\src\environments\environment.prod.js.map
C:\Users\jorge\OneDrive\jorgeprg\javascript\examples\FlexLayoutExamples\FlexLayoutExamplesWeb\dist\out-tsc\e2e\app.po.js
C:\Users\jorge\OneDrive\jorgeprg\javascript\examples\FlexLayoutExamples\FlexLayoutExamplesWeb\dist\out-tsc\e2e\app.po.js.map
C:\Users\jorge\OneDrive\jorgeprg\javascript\examples\FlexLayoutExamples\FlexLayoutExamplesWeb\dist\out-tsc\e2e\app.e2e-spec.js
C:\Users\jorge\OneDrive\jorgeprg\javascript\examples\FlexLayoutExamples\FlexLayoutExamplesWeb\dist\out-tsc\e2e\app.e2e-spec.js.map
C:\Users\jorge\OneDrive\jorgeprg\javascript\examples\FlexLayoutExamples\FlexLayoutExamplesWeb\dist\out-tsc\src\app\flex-layout-column.component.js
C:\Users\jorge\OneDrive\jorgeprg\javascript\examples\FlexLayoutExamples\FlexLayoutExamplesWeb\dist\out-tsc\src\app\flex-layout-column.component.js.map
C:\Users\jorge\OneDrive\jorgeprg\javascript\examples\FlexLayoutExamples\FlexLayoutExamplesWeb\dist\out-tsc\src\app\side-nav.component.js
C:\Users\jorge\OneDrive\jorgeprg\javascript\examples\FlexLayoutExamples\FlexLayoutExamplesWeb\dist\out-tsc\src\app\side-nav.component.js.map
C:\Users\jorge\OneDrive\jorgeprg\javascript\examples\FlexLayoutExamples\FlexLayoutExamplesWeb\dist\out-tsc\src\app\angular-material.component.js
C:\Users\jorge\OneDrive\jorgeprg\javascript\examples\FlexLayoutExamples\FlexLayoutExamplesWeb\dist\out-tsc\src\app\angular-material.component.js.map
C:\Users\jorge\OneDrive\jorgeprg\javascript\examples\FlexLayoutExamples\FlexLayoutExamplesWeb\dist\out-tsc\src\app\app-routing.module.js
C:\Users\jorge\OneDrive\jorgeprg\javascript\examples\FlexLayoutExamples\FlexLayoutExamplesWeb\dist\out-tsc\src\app\app-routing.module.js.map
C:\Users\jorge\OneDrive\jorgeprg\javascript\examples\FlexLayoutExamples\FlexLayoutExamplesWeb\dist\out-tsc\src\app\app.component.js
C:\Users\jorge\OneDrive\jorgeprg\javascript\examples\FlexLayoutExamples\FlexLayoutExamplesWeb\dist\out-tsc\src\app\app.component.js.map
C:\Users\jorge\OneDrive\jorgeprg\javascript\examples\FlexLayoutExamples\FlexLayoutExamplesWeb\dist\out-tsc\src\app\app.module.js
C:\Users\jorge\OneDrive\jorgeprg\javascript\examples\FlexLayoutExamples\FlexLayoutExamplesWeb\dist\out-tsc\src\app\app.module.js.map
C:\Users\jorge\OneDrive\jorgeprg\javascript\examples\FlexLayoutExamples\FlexLayoutExamplesWeb\dist\out-tsc\src\environments\environment.js
C:\Users\jorge\OneDrive\jorgeprg\javascript\examples\FlexLayoutExamples\FlexLayoutExamplesWeb\dist\out-tsc\src\environments\environment.js.map
C:\Users\jorge\OneDrive\jorgeprg\javascript\examples\FlexLayoutExamples\FlexLayoutExamplesWeb\dist\out-tsc\src\main.js
C:\Users\jorge\OneDrive\jorgeprg\javascript\examples\FlexLayoutExamples\FlexLayoutExamplesWeb\dist\out-tsc\src\main.js.map
C:\Users\jorge\OneDrive\jorgeprg\javascript\examples\FlexLayoutExamples\FlexLayoutExamplesWeb\dist\out-tsc\src\polyfills.js
C:\Users\jorge\OneDrive\jorgeprg\javascript\examples\FlexLayoutExamples\FlexLayoutExamplesWeb\dist\out-tsc\src\polyfills.js.map
C:\Users\jorge\OneDrive\jorgeprg\javascript\examples\FlexLayoutExamples\FlexLayoutExamplesWeb\dist\out-tsc\src\test.js
C:\Users\jorge\OneDrive\jorgeprg\javascript\examples\FlexLayoutExamples\FlexLayoutExamplesWeb\dist\out-tsc\src\test.js.map
C:\Users\jorge\OneDrive\jorgeprg\javascript\examples\FlexLayoutExamples\FlexLayoutExamplesWeb\dist\out-tsc\src\environments\environment.prod.js
C:\Users\jorge\OneDrive\jorgeprg\javascript\examples\FlexLayoutExamples\FlexLayoutExamplesWeb\dist\out-tsc\src\environments\environment.prod.js.map
C:\Users\jorge\OneDrive\jorgeprg\javascript\examples\FlexLayoutExamples\FlexLayoutExamplesWeb\dist\out-tsc\e2e\app.po.js
C:\Users\jorge\OneDrive\jorgeprg\javascript\examples\FlexLayoutExamples\FlexLayoutExamplesWeb\dist\out-tsc\e2e\app.po.js.map
C:\Users\jorge\OneDrive\jorgeprg\javascript\examples\FlexLayoutExamples\FlexLayoutExamplesWeb\dist\out-tsc\e2e\app.e2e-spec.js
C:\Users\jorge\OneDrive\jorgeprg\javascript\examples\FlexLayoutExamples\FlexLayoutExamplesWeb\dist\out-tsc\e2e\app.e2e-spec.js.map
C:\Users\jorge\OneDrive\jorgeprg\javascript\examples\FlexLayoutExamples\FlexLayoutExamplesWeb\dist\out-tsc\src\app\flex-layout-column.component.js
C:\Users\jorge\OneDrive\jorgeprg\javascript\examples\FlexLayoutExamples\FlexLayoutExamplesWeb\dist\out-tsc\src\app\flex-layout-column.component.js.map
C:\Users\jorge\OneDrive\jorgeprg\javascript\examples\FlexLayoutExamples\FlexLayoutExamplesWeb\dist\out-tsc\src\app\side-nav.component.js
C:\Users\jorge\OneDrive\jorgeprg\javascript\examples\FlexLayoutExamples\FlexLayoutExamplesWeb\dist\out-tsc\src\app\side-nav.component.js.map
C:\Users\jorge\OneDrive\jorgeprg\javascript\examples\FlexLayoutExamples\FlexLayoutExamplesWeb\dist\out-tsc\src\app\angular-material.component.js
C:\Users\jorge\OneDrive\jorgeprg\javascript\examples\FlexLayoutExamples\FlexLayoutExamplesWeb\dist\out-tsc\src\app\angular-material.component.js.map
C:\Users\jorge\OneDrive\jorgeprg\javascript\examples\FlexLayoutExamples\FlexLayoutExamplesWeb\dist\out-tsc\src\app\app-routing.module.js
C:\Users\jorge\OneDrive\jorgeprg\javascript\examples\FlexLayoutExamples\FlexLayoutExamplesWeb\dist\out-tsc\src\app\app-routing.module.js.map
C:\Users\jorge\OneDrive\jorgeprg\javascript\examples\FlexLayoutExamples\FlexLayoutExamplesWeb\dist\out-tsc\src\app\app.component.js
C:\Users\jorge\OneDrive\jorgeprg\javascript\examples\FlexLayoutExamples\FlexLayoutExamplesWeb\dist\out-tsc\src\app\app.component.js.map
C:\Users\jorge\OneDrive\jorgeprg\javascript\examples\FlexLayoutExamples\FlexLayoutExamplesWeb\dist\out-tsc\src\app\angular-routing.component.js
C:\Users\jorge\OneDrive\jorgeprg\javascript\examples\FlexLayoutExamples\FlexLayoutExamplesWeb\dist\out-tsc\src\app\angular-routing.component.js.map
C:\Users\jorge\OneDrive\jorgeprg\javascript\examples\FlexLayoutExamples\FlexLayoutExamplesWeb\dist\out-tsc\src\app\app.module.js
C:\Users\jorge\OneDrive\jorgeprg\javascript\examples\FlexLayoutExamples\FlexLayoutExamplesWeb\dist\out-tsc\src\app\app.module.js.map
C:\Users\jorge\OneDrive\jorgeprg\javascript\examples\FlexLayoutExamples\FlexLayoutExamplesWeb\dist\out-tsc\src\environments\environment.js
C:\Users\jorge\OneDrive\jorgeprg\javascript\examples\FlexLayoutExamples\FlexLayoutExamplesWeb\dist\out-tsc\src\environments\environment.js.map
C:\Users\jorge\OneDrive\jorgeprg\javascript\examples\FlexLayoutExamples\FlexLayoutExamplesWeb\dist\out-tsc\src\main.js
C:\Users\jorge\OneDrive\jorgeprg\javascript\examples\FlexLayoutExamples\FlexLayoutExamplesWeb\dist\out-tsc\src\main.js.map
C:\Users\jorge\OneDrive\jorgeprg\javascript\examples\FlexLayoutExamples\FlexLayoutExamplesWeb\dist\out-tsc\src\polyfills.js
C:\Users\jorge\OneDrive\jorgeprg\javascript\examples\FlexLayoutExamples\FlexLayoutExamplesWeb\dist\out-tsc\src\polyfills.js.map
C:\Users\jorge\OneDrive\jorgeprg\javascript\examples\FlexLayoutExamples\FlexLayoutExamplesWeb\dist\out-tsc\src\test.js
C:\Users\jorge\OneDrive\jorgeprg\javascript\examples\FlexLayoutExamples\FlexLayoutExamplesWeb\dist\out-tsc\src\test.js.map
C:\Users\jorge\OneDrive\jorgeprg\javascript\examples\FlexLayoutExamples\FlexLayoutExamplesWeb\dist\out-tsc\src\environments\environment.prod.js
C:\Users\jorge\OneDrive\jorgeprg\javascript\examples\FlexLayoutExamples\FlexLayoutExamplesWeb\dist\out-tsc\src\environments\environment.prod.js.map
C:\Users\jorge\OneDrive\jorgeprg\javascript\examples\FlexLayoutExamples\FlexLayoutExamplesWeb\dist\out-tsc\e2e\app.po.js
C:\Users\jorge\OneDrive\jorgeprg\javascript\examples\FlexLayoutExamples\FlexLayoutExamplesWeb\dist\out-tsc\e2e\app.po.js.map
C:\Users\jorge\OneDrive\jorgeprg\javascript\examples\FlexLayoutExamples\FlexLayoutExamplesWeb\dist\out-tsc\e2e\app.e2e-spec.js
C:\Users\jorge\OneDrive\jorgeprg\javascript\examples\FlexLayoutExamples\FlexLayoutExamplesWeb\dist\out-tsc\e2e\app.e2e-spec.js.map
C:\Users\jorge\OneDrive\jorgeprg\javascript\examples\FlexLayoutExamples\FlexLayoutExamplesWeb\dist\out-tsc\src\app\flex-layout-column.component.js
C:\Users\jorge\OneDrive\jorgeprg\javascript\examples\FlexLayoutExamples\FlexLayoutExamplesWeb\dist\out-tsc\src\app\flex-layout-column.component.js.map
C:\Users\jorge\OneDrive\jorgeprg\javascript\examples\FlexLayoutExamples\FlexLayoutExamplesWeb\dist\out-tsc\src\app\side-nav.component.js
C:\Users\jorge\OneDrive\jorgeprg\javascript\examples\FlexLayoutExamples\FlexLayoutExamplesWeb\dist\out-tsc\src\app\side-nav.component.js.map
C:\Users\jorge\OneDrive\jorgeprg\javascript\examples\FlexLayoutExamples\FlexLayoutExamplesWeb\dist\out-tsc\src\app\angular-material.component.js
C:\Users\jorge\OneDrive\jorgeprg\javascript\examples\FlexLayoutExamples\FlexLayoutExamplesWeb\dist\out-tsc\src\app\angular-material.component.js.map
C:\Users\jorge\OneDrive\jorgeprg\javascript\examples\FlexLayoutExamples\FlexLayoutExamplesWeb\dist\out-tsc\src\app\app-routing.module.js
C:\Users\jorge\OneDrive\jorgeprg\javascript\examples\FlexLayoutExamples\FlexLayoutExamplesWeb\dist\out-tsc\src\app\app-routing.module.js.map
C:\Users\jorge\OneDrive\jorgeprg\javascript\examples\FlexLayoutExamples\FlexLayoutExamplesWeb\dist\out-tsc\src\app\app.component.js
C:\Users\jorge\OneDrive\jorgeprg\javascript\examples\FlexLayoutExamples\FlexLayoutExamplesWeb\dist\out-tsc\src\app\app.component.js.map
C:\Users\jorge\OneDrive\jorgeprg\javascript\examples\FlexLayoutExamples\FlexLayoutExamplesWeb\dist\out-tsc\src\app\angular-routing.component.js
C:\Users\jorge\OneDrive\jorgeprg\javascript\examples\FlexLayoutExamples\FlexLayoutExamplesWeb\dist\out-tsc\src\app\angular-routing.component.js.map
C:\Users\jorge\OneDrive\jorgeprg\javascript\examples\FlexLayoutExamples\FlexLayoutExamplesWeb\dist\out-tsc\src\app\app.module.js
C:\Users\jorge\OneDrive\jorgeprg\javascript\examples\FlexLayoutExamples\FlexLayoutExamplesWeb\dist\out-tsc\src\app\app.module.js.map
C:\Users\jorge\OneDrive\jorgeprg\javascript\examples\FlexLayoutExamples\FlexLayoutExamplesWeb\dist\out-tsc\src\environments\environment.js
C:\Users\jorge\OneDrive\jorgeprg\javascript\examples\FlexLayoutExamples\FlexLayoutExamplesWeb\dist\out-tsc\src\environments\environment.js.map
C:\Users\jorge\OneDrive\jorgeprg\javascript\examples\FlexLayoutExamples\FlexLayoutExamplesWeb\dist\out-tsc\src\main.js
C:\Users\jorge\OneDrive\jorgeprg\javascript\examples\FlexLayoutExamples\FlexLayoutExamplesWeb\dist\out-tsc\src\main.js.map
C:\Users\jorge\OneDrive\jorgeprg\javascript\examples\FlexLayoutExamples\FlexLayoutExamplesWeb\dist\out-tsc\src\polyfills.js
C:\Users\jorge\OneDrive\jorgeprg\javascript\examples\FlexLayoutExamples\FlexLayoutExamplesWeb\dist\out-tsc\src\polyfills.js.map
C:\Users\jorge\OneDrive\jorgeprg\javascript\examples\FlexLayoutExamples\FlexLayoutExamplesWeb\dist\out-tsc\src\test.js
C:\Users\jorge\OneDrive\jorgeprg\javascript\examples\FlexLayoutExamples\FlexLayoutExamplesWeb\dist\out-tsc\src\test.js.map
C:\Users\jorge\OneDrive\jorgeprg\javascript\examples\FlexLayoutExamples\FlexLayoutExamplesWeb\dist\out-tsc\src\environments\environment.prod.js
C:\Users\jorge\OneDrive\jorgeprg\javascript\examples\FlexLayoutExamples\FlexLayoutExamplesWeb\dist\out-tsc\src\environments\environment.prod.js.map
C:\Users\jorge\OneDrive\jorgeprg\javascript\examples\FlexLayoutExamples\FlexLayoutExamplesWeb\dist\out-tsc\e2e\app.po.js
C:\Users\jorge\OneDrive\jorgeprg\javascript\examples\FlexLayoutExamples\FlexLayoutExamplesWeb\dist\out-tsc\e2e\app.po.js.map
C:\Users\jorge\OneDrive\jorgeprg\javascript\examples\FlexLayoutExamples\FlexLayoutExamplesWeb\dist\out-tsc\e2e\app.e2e-spec.js
C:\Users\jorge\OneDrive\jorgeprg\javascript\examples\FlexLayoutExamples\FlexLayoutExamplesWeb\dist\out-tsc\e2e\app.e2e-spec.js.map
C:\Users\jorge\OneDrive\jorgeprg\javascript\examples\FlexLayoutExamples\FlexLayoutExamplesWeb\dist\out-tsc\src\app\flex-layout-column.component.js
C:\Users\jorge\OneDrive\jorgeprg\javascript\examples\FlexLayoutExamples\FlexLayoutExamplesWeb\dist\out-tsc\src\app\flex-layout-column.component.js.map
C:\Users\jorge\OneDrive\jorgeprg\javascript\examples\FlexLayoutExamples\FlexLayoutExamplesWeb\dist\out-tsc\src\app\side-nav.component.js
C:\Users\jorge\OneDrive\jorgeprg\javascript\examples\FlexLayoutExamples\FlexLayoutExamplesWeb\dist\out-tsc\src\app\side-nav.component.js.map
C:\Users\jorge\OneDrive\jorgeprg\javascript\examples\FlexLayoutExamples\FlexLayoutExamplesWeb\dist\out-tsc\src\app\angular-material.component.js
C:\Users\jorge\OneDrive\jorgeprg\javascript\examples\FlexLayoutExamples\FlexLayoutExamplesWeb\dist\out-tsc\src\app\angular-material.component.js.map
C:\Users\jorge\OneDrive\jorgeprg\javascript\examples\FlexLayoutExamples\FlexLayoutExamplesWeb\dist\out-tsc\src\app\angular-routing.component.js
C:\Users\jorge\OneDrive\jorgeprg\javascript\examples\FlexLayoutExamples\FlexLayoutExamplesWeb\dist\out-tsc\src\app\angular-routing.component.js.map
C:\Users\jorge\OneDrive\jorgeprg\javascript\examples\FlexLayoutExamples\FlexLayoutExamplesWeb\dist\out-tsc\src\app\app-routing.module.js
C:\Users\jorge\OneDrive\jorgeprg\javascript\examples\FlexLayoutExamples\FlexLayoutExamplesWeb\dist\out-tsc\src\app\app-routing.module.js.map
C:\Users\jorge\OneDrive\jorgeprg\javascript\examples\FlexLayoutExamples\FlexLayoutExamplesWeb\dist\out-tsc\src\app\app.component.js
C:\Users\jorge\OneDrive\jorgeprg\javascript\examples\FlexLayoutExamples\FlexLayoutExamplesWeb\dist\out-tsc\src\app\app.component.js.map
C:\Users\jorge\OneDrive\jorgeprg\javascript\examples\FlexLayoutExamples\FlexLayoutExamplesWeb\dist\out-tsc\src\app\app.module.js
C:\Users\jorge\OneDrive\jorgeprg\javascript\examples\FlexLayoutExamples\FlexLayoutExamplesWeb\dist\out-tsc\src\app\app.module.js.map
C:\Users\jorge\OneDrive\jorgeprg\javascript\examples\FlexLayoutExamples\FlexLayoutExamplesWeb\dist\out-tsc\src\environments\environment.js
C:\Users\jorge\OneDrive\jorgeprg\javascript\examples\FlexLayoutExamples\FlexLayoutExamplesWeb\dist\out-tsc\src\environments\environment.js.map
C:\Users\jorge\OneDrive\jorgeprg\javascript\examples\FlexLayoutExamples\FlexLayoutExamplesWeb\dist\out-tsc\src\main.js
C:\Users\jorge\OneDrive\jorgeprg\javascript\examples\FlexLayoutExamples\FlexLayoutExamplesWeb\dist\out-tsc\src\main.js.map
C:\Users\jorge\OneDrive\jorgeprg\javascript\examples\FlexLayoutExamples\FlexLayoutExamplesWeb\dist\out-tsc\src\polyfills.js
C:\Users\jorge\OneDrive\jorgeprg\javascript\examples\FlexLayoutExamples\FlexLayoutExamplesWeb\dist\out-tsc\src\polyfills.js.map
C:\Users\jorge\OneDrive\jorgeprg\javascript\examples\FlexLayoutExamples\FlexLayoutExamplesWeb\dist\out-tsc\src\test.js
C:\Users\jorge\OneDrive\jorgeprg\javascript\examples\FlexLayoutExamples\FlexLayoutExamplesWeb\dist\out-tsc\src\test.js.map
C:\Users\jorge\OneDrive\jorgeprg\javascript\examples\FlexLayoutExamples\FlexLayoutExamplesWeb\dist\out-tsc\src\environments\environment.prod.js
C:\Users\jorge\OneDrive\jorgeprg\javascript\examples\FlexLayoutExamples\FlexLayoutExamplesWeb\dist\out-tsc\src\environments\environment.prod.js.map
C:\Users\jorge\OneDrive\jorgeprg\javascript\examples\FlexLayoutExamples\FlexLayoutExamplesWeb\dist\out-tsc\e2e\app.po.js
C:\Users\jorge\OneDrive\jorgeprg\javascript\examples\FlexLayoutExamples\FlexLayoutExamplesWeb\dist\out-tsc\e2e\app.po.js.map
C:\Users\jorge\OneDrive\jorgeprg\javascript\examples\FlexLayoutExamples\FlexLayoutExamplesWeb\dist\out-tsc\e2e\app.e2e-spec.js
C:\Users\jorge\OneDrive\jorgeprg\javascript\examples\FlexLayoutExamples\FlexLayoutExamplesWeb\dist\out-tsc\e2e\app.e2e-spec.js.map
C:\Users\jorge\OneDrive\jorgeprg\javascript\examples\FlexLayoutExamples\FlexLayoutExamplesWeb\dist\out-tsc\src\app\flex-layout-column.component.js
C:\Users\jorge\OneDrive\jorgeprg\javascript\examples\FlexLayoutExamples\FlexLayoutExamplesWeb\dist\out-tsc\src\app\flex-layout-column.component.js.map
C:\Users\jorge\OneDrive\jorgeprg\javascript\examples\FlexLayoutExamples\FlexLayoutExamplesWeb\dist\out-tsc\src\app\side-nav.component.js
C:\Users\jorge\OneDrive\jorgeprg\javascript\examples\FlexLayoutExamples\FlexLayoutExamplesWeb\dist\out-tsc\src\app\side-nav.component.js.map
C:\Users\jorge\OneDrive\jorgeprg\javascript\examples\FlexLayoutExamples\FlexLayoutExamplesWeb\dist\out-tsc\src\app\angular-material.component.js
C:\Users\jorge\OneDrive\jorgeprg\javascript\examples\FlexLayoutExamples\FlexLayoutExamplesWeb\dist\out-tsc\src\app\angular-material.component.js.map
C:\Users\jorge\OneDrive\jorgeprg\javascript\examples\FlexLayoutExamples\FlexLayoutExamplesWeb\dist\out-tsc\src\app\angular-routing.component.js
C:\Users\jorge\OneDrive\jorgeprg\javascript\examples\FlexLayoutExamples\FlexLayoutExamplesWeb\dist\out-tsc\src\app\angular-routing.component.js.map
C:\Users\jorge\OneDrive\jorgeprg\javascript\examples\FlexLayoutExamples\FlexLayoutExamplesWeb\dist\out-tsc\src\app\app-routing.module.js
C:\Users\jorge\OneDrive\jorgeprg\javascript\examples\FlexLayoutExamples\FlexLayoutExamplesWeb\dist\out-tsc\src\app\app-routing.module.js.map
C:\Users\jorge\OneDrive\jorgeprg\javascript\examples\FlexLayoutExamples\FlexLayoutExamplesWeb\dist\out-tsc\src\app\app.component.js
C:\Users\jorge\OneDrive\jorgeprg\javascript\examples\FlexLayoutExamples\FlexLayoutExamplesWeb\dist\out-tsc\src\app\app.component.js.map
C:\Users\jorge\OneDrive\jorgeprg\javascript\examples\FlexLayoutExamples\FlexLayoutExamplesWeb\dist\out-tsc\src\app\app.module.js
C:\Users\jorge\OneDrive\jorgeprg\javascript\examples\FlexLayoutExamples\FlexLayoutExamplesWeb\dist\out-tsc\src\app\app.module.js.map
C:\Users\jorge\OneDrive\jorgeprg\javascript\examples\FlexLayoutExamples\FlexLayoutExamplesWeb\dist\out-tsc\src\environments\environment.js
C:\Users\jorge\OneDrive\jorgeprg\javascript\examples\FlexLayoutExamples\FlexLayoutExamplesWeb\dist\out-tsc\src\environments\environment.js.map
C:\Users\jorge\OneDrive\jorgeprg\javascript\examples\FlexLayoutExamples\FlexLayoutExamplesWeb\dist\out-tsc\src\main.js
C:\Users\jorge\OneDrive\jorgeprg\javascript\examples\FlexLayoutExamples\FlexLayoutExamplesWeb\dist\out-tsc\src\main.js.map
C:\Users\jorge\OneDrive\jorgeprg\javascript\examples\FlexLayoutExamples\FlexLayoutExamplesWeb\dist\out-tsc\src\polyfills.js
C:\Users\jorge\OneDrive\jorgeprg\javascript\examples\FlexLayoutExamples\FlexLayoutExamplesWeb\dist\out-tsc\src\polyfills.js.map
C:\Users\jorge\OneDrive\jorgeprg\javascript\examples\FlexLayoutExamples\FlexLayoutExamplesWeb\dist\out-tsc\src\test.js
C:\Users\jorge\OneDrive\jorgeprg\javascript\examples\FlexLayoutExamples\FlexLayoutExamplesWeb\dist\out-tsc\src\test.js.map
C:\Users\jorge\OneDrive\jorgeprg\javascript\examples\FlexLayoutExamples\FlexLayoutExamplesWeb\dist\out-tsc\src\environments\environment.prod.js
C:\Users\jorge\OneDrive\jorgeprg\javascript\examples\FlexLayoutExamples\FlexLayoutExamplesWeb\dist\out-tsc\src\environments\environment.prod.js.map
C:\Users\jorge\OneDrive\jorgeprg\javascript\examples\FlexLayoutExamples\FlexLayoutExamplesWeb\dist\out-tsc\e2e\app.po.js
C:\Users\jorge\OneDrive\jorgeprg\javascript\examples\FlexLayoutExamples\FlexLayoutExamplesWeb\dist\out-tsc\e2e\app.po.js.map
C:\Users\jorge\OneDrive\jorgeprg\javascript\examples\FlexLayoutExamples\FlexLayoutExamplesWeb\dist\out-tsc\e2e\app.e2e-spec.js
C:\Users\jorge\OneDrive\jorgeprg\javascript\examples\FlexLayoutExamples\FlexLayoutExamplesWeb\dist\out-tsc\e2e\app.e2e-spec.js.map
C:\Users\jorge\OneDrive\jorgeprg\javascript\examples\FlexLayoutExamples\FlexLayoutExamplesWeb\dist\out-tsc\src\app\flex-layout-column.component.js
C:\Users\jorge\OneDrive\jorgeprg\javascript\examples\FlexLayoutExamples\FlexLayoutExamplesWeb\dist\out-tsc\src\app\flex-layout-column.component.js.map
C:\Users\jorge\OneDrive\jorgeprg\javascript\examples\FlexLayoutExamples\FlexLayoutExamplesWeb\dist\out-tsc\src\app\side-nav.component.js
C:\Users\jorge\OneDrive\jorgeprg\javascript\examples\FlexLayoutExamples\FlexLayoutExamplesWeb\dist\out-tsc\src\app\side-nav.component.js.map
C:\Users\jorge\OneDrive\jorgeprg\javascript\examples\FlexLayoutExamples\FlexLayoutExamplesWeb\dist\out-tsc\src\app\angular-material.component.js
C:\Users\jorge\OneDrive\jorgeprg\javascript\examples\FlexLayoutExamples\FlexLayoutExamplesWeb\dist\out-tsc\src\app\angular-material.component.js.map
C:\Users\jorge\OneDrive\jorgeprg\javascript\examples\FlexLayoutExamples\FlexLayoutExamplesWeb\dist\out-tsc\src\app\angular-routing.component.js
C:\Users\jorge\OneDrive\jorgeprg\javascript\examples\FlexLayoutExamples\FlexLayoutExamplesWeb\dist\out-tsc\src\app\angular-routing.component.js.map
C:\Users\jorge\OneDrive\jorgeprg\javascript\examples\FlexLayoutExamples\FlexLayoutExamplesWeb\dist\out-tsc\src\app\app-routing.module.js
C:\Users\jorge\OneDrive\jorgeprg\javascript\examples\FlexLayoutExamples\FlexLayoutExamplesWeb\dist\out-tsc\src\app\app-routing.module.js.map
C:\Users\jorge\OneDrive\jorgeprg\javascript\examples\FlexLayoutExamples\FlexLayoutExamplesWeb\dist\out-tsc\src\app\app.component.js
C:\Users\jorge\OneDrive\jorgeprg\javascript\examples\FlexLayoutExamples\FlexLayoutExamplesWeb\dist\out-tsc\src\app\app.component.js.map
C:\Users\jorge\OneDrive\jorgeprg\javascript\examples\FlexLayoutExamples\FlexLayoutExamplesWeb\dist\out-tsc\src\app\app.module.js
C:\Users\jorge\OneDrive\jorgeprg\javascript\examples\FlexLayoutExamples\FlexLayoutExamplesWeb\dist\out-tsc\src\app\app.module.js.map
C:\Users\jorge\OneDrive\jorgeprg\javascript\examples\FlexLayoutExamples\FlexLayoutExamplesWeb\dist\out-tsc\src\environments\environment.js
C:\Users\jorge\OneDrive\jorgeprg\javascript\examples\FlexLayoutExamples\FlexLayoutExamplesWeb\dist\out-tsc\src\environments\environment.js.map
C:\Users\jorge\OneDrive\jorgeprg\javascript\examples\FlexLayoutExamples\FlexLayoutExamplesWeb\dist\out-tsc\src\main.js
C:\Users\jorge\OneDrive\jorgeprg\javascript\examples\FlexLayoutExamples\FlexLayoutExamplesWeb\dist\out-tsc\src\main.js.map
C:\Users\jorge\OneDrive\jorgeprg\javascript\examples\FlexLayoutExamples\FlexLayoutExamplesWeb\dist\out-tsc\src\polyfills.js
C:\Users\jorge\OneDrive\jorgeprg\javascript\examples\FlexLayoutExamples\FlexLayoutExamplesWeb\dist\out-tsc\src\polyfills.js.map
C:\Users\jorge\OneDrive\jorgeprg\javascript\examples\FlexLayoutExamples\FlexLayoutExamplesWeb\dist\out-tsc\src\test.js
C:\Users\jorge\OneDrive\jorgeprg\javascript\examples\FlexLayoutExamples\FlexLayoutExamplesWeb\dist\out-tsc\src\test.js.map
C:\Users\jorge\OneDrive\jorgeprg\javascript\examples\FlexLayoutExamples\FlexLayoutExamplesWeb\dist\out-tsc\src\environments\environment.prod.js
C:\Users\jorge\OneDrive\jorgeprg\javascript\examples\FlexLayoutExamples\FlexLayoutExamplesWeb\dist\out-tsc\src\environments\environment.prod.js.map
C:\Users\jorge\OneDrive\jorgeprg\javascript\examples\FlexLayoutExamples\FlexLayoutExamplesWeb\dist\out-tsc\e2e\app.po.js
C:\Users\jorge\OneDrive\jorgeprg\javascript\examples\FlexLayoutExamples\FlexLayoutExamplesWeb\dist\out-tsc\e2e\app.po.js.map
C:\Users\jorge\OneDrive\jorgeprg\javascript\examples\FlexLayoutExamples\FlexLayoutExamplesWeb\dist\out-tsc\e2e\app.e2e-spec.js
C:\Users\jorge\OneDrive\jorgeprg\javascript\examples\FlexLayoutExamples\FlexLayoutExamplesWeb\dist\out-tsc\e2e\app.e2e-spec.js.map
C:\Users\jorge\OneDrive\jorgeprg\javascript\examples\FlexLayoutExamples\FlexLayoutExamplesWeb\dist\out-tsc\src\app\flex-layout-column.component.js
C:\Users\jorge\OneDrive\jorgeprg\javascript\examples\FlexLayoutExamples\FlexLayoutExamplesWeb\dist\out-tsc\src\app\flex-layout-column.component.js.map
C:\Users\jorge\OneDrive\jorgeprg\javascript\examples\FlexLayoutExamples\FlexLayoutExamplesWeb\dist\out-tsc\src\app\side-nav.component.js
C:\Users\jorge\OneDrive\jorgeprg\javascript\examples\FlexLayoutExamples\FlexLayoutExamplesWeb\dist\out-tsc\src\app\side-nav.component.js.map
C:\Users\jorge\OneDrive\jorgeprg\javascript\examples\FlexLayoutExamples\FlexLayoutExamplesWeb\dist\out-tsc\src\app\angular-material.component.js
C:\Users\jorge\OneDrive\jorgeprg\javascript\examples\FlexLayoutExamples\FlexLayoutExamplesWeb\dist\out-tsc\src\app\angular-material.component.js.map
C:\Users\jorge\OneDrive\jorgeprg\javascript\examples\FlexLayoutExamples\FlexLayoutExamplesWeb\dist\out-tsc\src\app\angular-routing.component.js
C:\Users\jorge\OneDrive\jorgeprg\javascript\examples\FlexLayoutExamples\FlexLayoutExamplesWeb\dist\out-tsc\src\app\angular-routing.component.js.map
C:\Users\jorge\OneDrive\jorgeprg\javascript\examples\FlexLayoutExamples\FlexLayoutExamplesWeb\dist\out-tsc\src\app\app-routing.module.js
C:\Users\jorge\OneDrive\jorgeprg\javascript\examples\FlexLayoutExamples\FlexLayoutExamplesWeb\dist\out-tsc\src\app\app-routing.module.js.map
C:\Users\jorge\OneDrive\jorgeprg\javascript\examples\FlexLayoutExamples\FlexLayoutExamplesWeb\dist\out-tsc\src\app\app.component.js
C:\Users\jorge\OneDrive\jorgeprg\javascript\examples\FlexLayoutExamples\FlexLayoutExamplesWeb\dist\out-tsc\src\app\app.component.js.map
C:\Users\jorge\OneDrive\jorgeprg\javascript\examples\FlexLayoutExamples\FlexLayoutExamplesWeb\dist\out-tsc\src\app\router-named-outlet.component.js
C:\Users\jorge\OneDrive\jorgeprg\javascript\examples\FlexLayoutExamples\FlexLayoutExamplesWeb\dist\out-tsc\src\app\router-named-outlet.component.js.map
C:\Users\jorge\OneDrive\jorgeprg\javascript\examples\FlexLayoutExamples\FlexLayoutExamplesWeb\dist\out-tsc\src\app\app.module.js
C:\Users\jorge\OneDrive\jorgeprg\javascript\examples\FlexLayoutExamples\FlexLayoutExamplesWeb\dist\out-tsc\src\app\app.module.js.map
C:\Users\jorge\OneDrive\jorgeprg\javascript\examples\FlexLayoutExamples\FlexLayoutExamplesWeb\dist\out-tsc\src\environments\environment.js
C:\Users\jorge\OneDrive\jorgeprg\javascript\examples\FlexLayoutExamples\FlexLayoutExamplesWeb\dist\out-tsc\src\environments\environment.js.map
C:\Users\jorge\OneDrive\jorgeprg\javascript\examples\FlexLayoutExamples\FlexLayoutExamplesWeb\dist\out-tsc\src\main.js
C:\Users\jorge\OneDrive\jorgeprg\javascript\examples\FlexLayoutExamples\FlexLayoutExamplesWeb\dist\out-tsc\src\main.js.map
C:\Users\jorge\OneDrive\jorgeprg\javascript\examples\FlexLayoutExamples\FlexLayoutExamplesWeb\dist\out-tsc\src\polyfills.js
C:\Users\jorge\OneDrive\jorgeprg\javascript\examples\FlexLayoutExamples\FlexLayoutExamplesWeb\dist\out-tsc\src\polyfills.js.map
C:\Users\jorge\OneDrive\jorgeprg\javascript\examples\FlexLayoutExamples\FlexLayoutExamplesWeb\dist\out-tsc\src\test.js
C:\Users\jorge\OneDrive\jorgeprg\javascript\examples\FlexLayoutExamples\FlexLayoutExamplesWeb\dist\out-tsc\src\test.js.map
C:\Users\jorge\OneDrive\jorgeprg\javascript\examples\FlexLayoutExamples\FlexLayoutExamplesWeb\dist\out-tsc\src\environments\environment.prod.js
C:\Users\jorge\OneDrive\jorgeprg\javascript\examples\FlexLayoutExamples\FlexLayoutExamplesWeb\dist\out-tsc\src\environments\environment.prod.js.map
C:\Users\jorge\OneDrive\jorgeprg\javascript\examples\FlexLayoutExamples\FlexLayoutExamplesWeb\dist\out-tsc\e2e\app.po.js
C:\Users\jorge\OneDrive\jorgeprg\javascript\examples\FlexLayoutExamples\FlexLayoutExamplesWeb\dist\out-tsc\e2e\app.po.js.map
C:\Users\jorge\OneDrive\jorgeprg\javascript\examples\FlexLayoutExamples\FlexLayoutExamplesWeb\dist\out-tsc\e2e\app.e2e-spec.js
C:\Users\jorge\OneDrive\jorgeprg\javascript\examples\FlexLayoutExamples\FlexLayoutExamplesWeb\dist\out-tsc\e2e\app.e2e-spec.js.map
C:\Users\jorge\OneDrive\jorgeprg\javascript\examples\FlexLayoutExamples\FlexLayoutExamplesWeb\dist\out-tsc\src\app\flex-layout-column.component.js
C:\Users\jorge\OneDrive\jorgeprg\javascript\examples\FlexLayoutExamples\FlexLayoutExamplesWeb\dist\out-tsc\src\app\flex-layout-column.component.js.map
C:\Users\jorge\OneDrive\jorgeprg\javascript\examples\FlexLayoutExamples\FlexLayoutExamplesWeb\dist\out-tsc\src\app\side-nav.component.js
C:\Users\jorge\OneDrive\jorgeprg\javascript\examples\FlexLayoutExamples\FlexLayoutExamplesWeb\dist\out-tsc\src\app\side-nav.component.js.map
C:\Users\jorge\OneDrive\jorgeprg\javascript\examples\FlexLayoutExamples\FlexLayoutExamplesWeb\dist\out-tsc\src\app\angular-material.component.js
C:\Users\jorge\OneDrive\jorgeprg\javascript\examples\FlexLayoutExamples\FlexLayoutExamplesWeb\dist\out-tsc\src\app\angular-material.component.js.map
C:\Users\jorge\OneDrive\jorgeprg\javascript\examples\FlexLayoutExamples\FlexLayoutExamplesWeb\dist\out-tsc\src\app\angular-routing.component.js
C:\Users\jorge\OneDrive\jorgeprg\javascript\examples\FlexLayoutExamples\FlexLayoutExamplesWeb\dist\out-tsc\src\app\angular-routing.component.js.map
C:\Users\jorge\OneDrive\jorgeprg\javascript\examples\FlexLayoutExamples\FlexLayoutExamplesWeb\dist\out-tsc\src\app\router-named-outlet.component.js
C:\Users\jorge\OneDrive\jorgeprg\javascript\examples\FlexLayoutExamples\FlexLayoutExamplesWeb\dist\out-tsc\src\app\router-named-outlet.component.js.map
C:\Users\jorge\OneDrive\jorgeprg\javascript\examples\FlexLayoutExamples\FlexLayoutExamplesWeb\dist\out-tsc\src\app\app-routing.module.js
C:\Users\jorge\OneDrive\jorgeprg\javascript\examples\FlexLayoutExamples\FlexLayoutExamplesWeb\dist\out-tsc\src\app\app-routing.module.js.map
C:\Users\jorge\OneDrive\jorgeprg\javascript\examples\FlexLayoutExamples\FlexLayoutExamplesWeb\dist\out-tsc\src\app\app.component.js
C:\Users\jorge\OneDrive\jorgeprg\javascript\examples\FlexLayoutExamples\FlexLayoutExamplesWeb\dist\out-tsc\src\app\app.component.js.map
C:\Users\jorge\OneDrive\jorgeprg\javascript\examples\FlexLayoutExamples\FlexLayoutExamplesWeb\dist\out-tsc\src\app\app.module.js
C:\Users\jorge\OneDrive\jorgeprg\javascript\examples\FlexLayoutExamples\FlexLayoutExamplesWeb\dist\out-tsc\src\app\app.module.js.map
C:\Users\jorge\OneDrive\jorgeprg\javascript\examples\FlexLayoutExamples\FlexLayoutExamplesWeb\dist\out-tsc\src\environments\environment.js
C:\Users\jorge\OneDrive\jorgeprg\javascript\examples\FlexLayoutExamples\FlexLayoutExamplesWeb\dist\out-tsc\src\environments\environment.js.map
C:\Users\jorge\OneDrive\jorgeprg\javascript\examples\FlexLayoutExamples\FlexLayoutExamplesWeb\dist\out-tsc\src\main.js
C:\Users\jorge\OneDrive\jorgeprg\javascript\examples\FlexLayoutExamples\FlexLayoutExamplesWeb\dist\out-tsc\src\main.js.map
C:\Users\jorge\OneDrive\jorgeprg\javascript\examples\FlexLayoutExamples\FlexLayoutExamplesWeb\dist\out-tsc\src\polyfills.js
C:\Users\jorge\OneDrive\jorgeprg\javascript\examples\FlexLayoutExamples\FlexLayoutExamplesWeb\dist\out-tsc\src\polyfills.js.map
C:\Users\jorge\OneDrive\jorgeprg\javascript\examples\FlexLayoutExamples\FlexLayoutExamplesWeb\dist\out-tsc\src\test.js
C:\Users\jorge\OneDrive\jorgeprg\javascript\examples\FlexLayoutExamples\FlexLayoutExamplesWeb\dist\out-tsc\src\test.js.map
C:\Users\jorge\OneDrive\jorgeprg\javascript\examples\FlexLayoutExamples\FlexLayoutExamplesWeb\dist\out-tsc\src\environments\environment.prod.js
C:\Users\jorge\OneDrive\jorgeprg\javascript\examples\FlexLayoutExamples\FlexLayoutExamplesWeb\dist\out-tsc\src\environments\environment.prod.js.map
C:\Users\jorge\OneDrive\jorgeprg\javascript\examples\FlexLayoutExamples\FlexLayoutExamplesWeb\dist\out-tsc\e2e\app.po.js
C:\Users\jorge\OneDrive\jorgeprg\javascript\examples\FlexLayoutExamples\FlexLayoutExamplesWeb\dist\out-tsc\e2e\app.po.js.map
C:\Users\jorge\OneDrive\jorgeprg\javascript\examples\FlexLayoutExamples\FlexLayoutExamplesWeb\dist\out-tsc\e2e\app.e2e-spec.js
C:\Users\jorge\OneDrive\jorgeprg\javascript\examples\FlexLayoutExamples\FlexLayoutExamplesWeb\dist\out-tsc\e2e\app.e2e-spec.js.map
C:\Users\jorge\OneDrive\jorgeprg\javascript\examples\FlexLayoutExamples\FlexLayoutExamplesWeb\dist\out-tsc\src\app\flex-layout-column.component.js
C:\Users\jorge\OneDrive\jorgeprg\javascript\examples\FlexLayoutExamples\FlexLayoutExamplesWeb\dist\out-tsc\src\app\flex-layout-column.component.js.map
C:\Users\jorge\OneDrive\jorgeprg\javascript\examples\FlexLayoutExamples\FlexLayoutExamplesWeb\dist\out-tsc\src\app\side-nav.component.js
C:\Users\jorge\OneDrive\jorgeprg\javascript\examples\FlexLayoutExamples\FlexLayoutExamplesWeb\dist\out-tsc\src\app\side-nav.component.js.map
C:\Users\jorge\OneDrive\jorgeprg\javascript\examples\FlexLayoutExamples\FlexLayoutExamplesWeb\dist\out-tsc\src\app\angular-material.component.js
C:\Users\jorge\OneDrive\jorgeprg\javascript\examples\FlexLayoutExamples\FlexLayoutExamplesWeb\dist\out-tsc\src\app\angular-material.component.js.map
C:\Users\jorge\OneDrive\jorgeprg\javascript\examples\FlexLayoutExamples\FlexLayoutExamplesWeb\dist\out-tsc\src\app\angular-routing.component.js
C:\Users\jorge\OneDrive\jorgeprg\javascript\examples\FlexLayoutExamples\FlexLayoutExamplesWeb\dist\out-tsc\src\app\angular-routing.component.js.map
C:\Users\jorge\OneDrive\jorgeprg\javascript\examples\FlexLayoutExamples\FlexLayoutExamplesWeb\dist\out-tsc\src\app\router-named-outlet.component.js
C:\Users\jorge\OneDrive\jorgeprg\javascript\examples\FlexLayoutExamples\FlexLayoutExamplesWeb\dist\out-tsc\src\app\router-named-outlet.component.js.map
C:\Users\jorge\OneDrive\jorgeprg\javascript\examples\FlexLayoutExamples\FlexLayoutExamplesWeb\dist\out-tsc\src\app\app-routing.module.js
C:\Users\jorge\OneDrive\jorgeprg\javascript\examples\FlexLayoutExamples\FlexLayoutExamplesWeb\dist\out-tsc\src\app\app-routing.module.js.map
C:\Users\jorge\OneDrive\jorgeprg\javascript\examples\FlexLayoutExamples\FlexLayoutExamplesWeb\dist\out-tsc\src\app\app.component.js
C:\Users\jorge\OneDrive\jorgeprg\javascript\examples\FlexLayoutExamples\FlexLayoutExamplesWeb\dist\out-tsc\src\app\app.component.js.map
C:\Users\jorge\OneDrive\jorgeprg\javascript\examples\FlexLayoutExamples\FlexLayoutExamplesWeb\dist\out-tsc\src\app\app.module.js
C:\Users\jorge\OneDrive\jorgeprg\javascript\examples\FlexLayoutExamples\FlexLayoutExamplesWeb\dist\out-tsc\src\app\app.module.js.map
C:\Users\jorge\OneDrive\jorgeprg\javascript\examples\FlexLayoutExamples\FlexLayoutExamplesWeb\dist\out-tsc\src\environments\environment.js
C:\Users\jorge\OneDrive\jorgeprg\javascript\examples\FlexLayoutExamples\FlexLayoutExamplesWeb\dist\out-tsc\src\environments\environment.js.map
C:\Users\jorge\OneDrive\jorgeprg\javascript\examples\FlexLayoutExamples\FlexLayoutExamplesWeb\dist\out-tsc\src\main.js
C:\Users\jorge\OneDrive\jorgeprg\javascript\examples\FlexLayoutExamples\FlexLayoutExamplesWeb\dist\out-tsc\src\main.js.map
C:\Users\jorge\OneDrive\jorgeprg\javascript\examples\FlexLayoutExamples\FlexLayoutExamplesWeb\dist\out-tsc\src\polyfills.js
C:\Users\jorge\OneDrive\jorgeprg\javascript\examples\FlexLayoutExamples\FlexLayoutExamplesWeb\dist\out-tsc\src\polyfills.js.map
C:\Users\jorge\OneDrive\jorgeprg\javascript\examples\FlexLayoutExamples\FlexLayoutExamplesWeb\dist\out-tsc\src\test.js
C:\Users\jorge\OneDrive\jorgeprg\javascript\examples\FlexLayoutExamples\FlexLayoutExamplesWeb\dist\out-tsc\src\test.js.map
C:\Users\jorge\OneDrive\jorgeprg\javascript\examples\FlexLayoutExamples\FlexLayoutExamplesWeb\dist\out-tsc\src\environments\environment.prod.js
C:\Users\jorge\OneDrive\jorgeprg\javascript\examples\FlexLayoutExamples\FlexLayoutExamplesWeb\dist\out-tsc\src\environments\environment.prod.js.map
C:\Users\jorge\OneDrive\jorgeprg\javascript\examples\FlexLayoutExamples\FlexLayoutExamplesWeb\dist\out-tsc\e2e\app.po.js
C:\Users\jorge\OneDrive\jorgeprg\javascript\examples\FlexLayoutExamples\FlexLayoutExamplesWeb\dist\out-tsc\e2e\app.po.js.map
C:\Users\jorge\OneDrive\jorgeprg\javascript\examples\FlexLayoutExamples\FlexLayoutExamplesWeb\dist\out-tsc\e2e\app.e2e-spec.js
C:\Users\jorge\OneDrive\jorgeprg\javascript\examples\FlexLayoutExamples\FlexLayoutExamplesWeb\dist\out-tsc\e2e\app.e2e-spec.js.map
C:\Users\jorge\OneDrive\jorgeprg\javascript\examples\FlexLayoutExamples\FlexLayoutExamplesWeb\dist\out-tsc\src\app\flex-layout-column.component.js
C:\Users\jorge\OneDrive\jorgeprg\javascript\examples\FlexLayoutExamples\FlexLayoutExamplesWeb\dist\out-tsc\src\app\flex-layout-column.component.js.map
C:\Users\jorge\OneDrive\jorgeprg\javascript\examples\FlexLayoutExamples\FlexLayoutExamplesWeb\dist\out-tsc\src\app\side-nav.component.js
C:\Users\jorge\OneDrive\jorgeprg\javascript\examples\FlexLayoutExamples\FlexLayoutExamplesWeb\dist\out-tsc\src\app\side-nav.component.js.map
C:\Users\jorge\OneDrive\jorgeprg\javascript\examples\FlexLayoutExamples\FlexLayoutExamplesWeb\dist\out-tsc\src\app\angular-material.component.js
C:\Users\jorge\OneDrive\jorgeprg\javascript\examples\FlexLayoutExamples\FlexLayoutExamplesWeb\dist\out-tsc\src\app\angular-material.component.js.map
C:\Users\jorge\OneDrive\jorgeprg\javascript\examples\FlexLayoutExamples\FlexLayoutExamplesWeb\dist\out-tsc\src\app\angular-routing.component.js
C:\Users\jorge\OneDrive\jorgeprg\javascript\examples\FlexLayoutExamples\FlexLayoutExamplesWeb\dist\out-tsc\src\app\angular-routing.component.js.map
C:\Users\jorge\OneDrive\jorgeprg\javascript\examples\FlexLayoutExamples\FlexLayoutExamplesWeb\dist\out-tsc\src\app\router-named-outlet.component.js
C:\Users\jorge\OneDrive\jorgeprg\javascript\examples\FlexLayoutExamples\FlexLayoutExamplesWeb\dist\out-tsc\src\app\router-named-outlet.component.js.map
C:\Users\jorge\OneDrive\jorgeprg\javascript\examples\FlexLayoutExamples\FlexLayoutExamplesWeb\dist\out-tsc\src\app\app-routing.module.js
C:\Users\jorge\OneDrive\jorgeprg\javascript\examples\FlexLayoutExamples\FlexLayoutExamplesWeb\dist\out-tsc\src\app\app-routing.module.js.map
C:\Users\jorge\OneDrive\jorgeprg\javascript\examples\FlexLayoutExamples\FlexLayoutExamplesWeb\dist\out-tsc\src\app\app.component.js
C:\Users\jorge\OneDrive\jorgeprg\javascript\examples\FlexLayoutExamples\FlexLayoutExamplesWeb\dist\out-tsc\src\app\app.component.js.map
C:\Users\jorge\OneDrive\jorgeprg\javascript\examples\FlexLayoutExamples\FlexLayoutExamplesWeb\dist\out-tsc\src\app\app.module.js
C:\Users\jorge\OneDrive\jorgeprg\javascript\examples\FlexLayoutExamples\FlexLayoutExamplesWeb\dist\out-tsc\src\app\app.module.js.map
C:\Users\jorge\OneDrive\jorgeprg\javascript\examples\FlexLayoutExamples\FlexLayoutExamplesWeb\dist\out-tsc\src\environments\environment.js
C:\Users\jorge\OneDrive\jorgeprg\javascript\examples\FlexLayoutExamples\FlexLayoutExamplesWeb\dist\out-tsc\src\environments\environment.js.map
C:\Users\jorge\OneDrive\jorgeprg\javascript\examples\FlexLayoutExamples\FlexLayoutExamplesWeb\dist\out-tsc\src\main.js
C:\Users\jorge\OneDrive\jorgeprg\javascript\examples\FlexLayoutExamples\FlexLayoutExamplesWeb\dist\out-tsc\src\main.js.map
C:\Users\jorge\OneDrive\jorgeprg\javascript\examples\FlexLayoutExamples\FlexLayoutExamplesWeb\dist\out-tsc\src\polyfills.js
C:\Users\jorge\OneDrive\jorgeprg\javascript\examples\FlexLayoutExamples\FlexLayoutExamplesWeb\dist\out-tsc\src\polyfills.js.map
C:\Users\jorge\OneDrive\jorgeprg\javascript\examples\FlexLayoutExamples\FlexLayoutExamplesWeb\dist\out-tsc\src\test.js
C:\Users\jorge\OneDrive\jorgeprg\javascript\examples\FlexLayoutExamples\FlexLayoutExamplesWeb\dist\out-tsc\src\test.js.map
C:\Users\jorge\OneDrive\jorgeprg\javascript\examples\FlexLayoutExamples\FlexLayoutExamplesWeb\dist\out-tsc\src\environments\environment.prod.js
C:\Users\jorge\OneDrive\jorgeprg\javascript\examples\FlexLayoutExamples\FlexLayoutExamplesWeb\dist\out-tsc\src\environments\environment.prod.js.map
C:\Users\jorge\OneDrive\jorgeprg\javascript\examples\FlexLayoutExamples\FlexLayoutExamplesWeb\dist\out-tsc\e2e\app.po.js
C:\Users\jorge\OneDrive\jorgeprg\javascript\examples\FlexLayoutExamples\FlexLayoutExamplesWeb\dist\out-tsc\e2e\app.po.js.map
C:\Users\jorge\OneDrive\jorgeprg\javascript\examples\FlexLayoutExamples\FlexLayoutExamplesWeb\dist\out-tsc\e2e\app.e2e-spec.js
C:\Users\jorge\OneDrive\jorgeprg\javascript\examples\FlexLayoutExamples\FlexLayoutExamplesWeb\dist\out-tsc\e2e\app.e2e-spec.js.map
C:\Users\jorge\OneDrive\jorgeprg\javascript\examples\FlexLayoutExamples\FlexLayoutExamplesWeb\dist\out-tsc\src\app\flex-layout-column.component.js
C:\Users\jorge\OneDrive\jorgeprg\javascript\examples\FlexLayoutExamples\FlexLayoutExamplesWeb\dist\out-tsc\src\app\flex-layout-column.component.js.map
C:\Users\jorge\OneDrive\jorgeprg\javascript\examples\FlexLayoutExamples\FlexLayoutExamplesWeb\dist\out-tsc\src\app\side-nav.component.js
C:\Users\jorge\OneDrive\jorgeprg\javascript\examples\FlexLayoutExamples\FlexLayoutExamplesWeb\dist\out-tsc\src\app\side-nav.component.js.map
C:\Users\jorge\OneDrive\jorgeprg\javascript\examples\FlexLayoutExamples\FlexLayoutExamplesWeb\dist\out-tsc\src\app\angular-material.component.js
C:\Users\jorge\OneDrive\jorgeprg\javascript\examples\FlexLayoutExamples\FlexLayoutExamplesWeb\dist\out-tsc\src\app\angular-material.component.js.map
C:\Users\jorge\OneDrive\jorgeprg\javascript\examples\FlexLayoutExamples\FlexLayoutExamplesWeb\dist\out-tsc\src\app\angular-routing.component.js
C:\Users\jorge\OneDrive\jorgeprg\javascript\examples\FlexLayoutExamples\FlexLayoutExamplesWeb\dist\out-tsc\src\app\angular-routing.component.js.map
C:\Users\jorge\OneDrive\jorgeprg\javascript\examples\FlexLayoutExamples\FlexLayoutExamplesWeb\dist\out-tsc\src\app\router-named-outlet.component.js
C:\Users\jorge\OneDrive\jorgeprg\javascript\examples\FlexLayoutExamples\FlexLayoutExamplesWeb\dist\out-tsc\src\app\router-named-outlet.component.js.map
C:\Users\jorge\OneDrive\jorgeprg\javascript\examples\FlexLayoutExamples\FlexLayoutExamplesWeb\dist\out-tsc\src\app\app-routing.module.js
C:\Users\jorge\OneDrive\jorgeprg\javascript\examples\FlexLayoutExamples\FlexLayoutExamplesWeb\dist\out-tsc\src\app\app-routing.module.js.map
C:\Users\jorge\OneDrive\jorgeprg\javascript\examples\FlexLayoutExamples\FlexLayoutExamplesWeb\dist\out-tsc\src\app\app.component.js
C:\Users\jorge\OneDrive\jorgeprg\javascript\examples\FlexLayoutExamples\FlexLayoutExamplesWeb\dist\out-tsc\src\app\app.component.js.map
C:\Users\jorge\OneDrive\jorgeprg\javascript\examples\FlexLayoutExamples\FlexLayoutExamplesWeb\dist\out-tsc\src\app\app.module.js
C:\Users\jorge\OneDrive\jorgeprg\javascript\examples\FlexLayoutExamples\FlexLayoutExamplesWeb\dist\out-tsc\src\app\app.module.js.map
C:\Users\jorge\OneDrive\jorgeprg\javascript\examples\FlexLayoutExamples\FlexLayoutExamplesWeb\dist\out-tsc\src\environments\environment.js
C:\Users\jorge\OneDrive\jorgeprg\javascript\examples\FlexLayoutExamples\FlexLayoutExamplesWeb\dist\out-tsc\src\environments\environment.js.map
C:\Users\jorge\OneDrive\jorgeprg\javascript\examples\FlexLayoutExamples\FlexLayoutExamplesWeb\dist\out-tsc\src\main.js
C:\Users\jorge\OneDrive\jorgeprg\javascript\examples\FlexLayoutExamples\FlexLayoutExamplesWeb\dist\out-tsc\src\main.js.map
C:\Users\jorge\OneDrive\jorgeprg\javascript\examples\FlexLayoutExamples\FlexLayoutExamplesWeb\dist\out-tsc\src\polyfills.js
C:\Users\jorge\OneDrive\jorgeprg\javascript\examples\FlexLayoutExamples\FlexLayoutExamplesWeb\dist\out-tsc\src\polyfills.js.map
C:\Users\jorge\OneDrive\jorgeprg\javascript\examples\FlexLayoutExamples\FlexLayoutExamplesWeb\dist\out-tsc\src\test.js
C:\Users\jorge\OneDrive\jorgeprg\javascript\examples\FlexLayoutExamples\FlexLayoutExamplesWeb\dist\out-tsc\src\test.js.map
C:\Users\jorge\OneDrive\jorgeprg\javascript\examples\FlexLayoutExamples\FlexLayoutExamplesWeb\dist\out-tsc\src\environments\environment.prod.js
C:\Users\jorge\OneDrive\jorgeprg\javascript\examples\FlexLayoutExamples\FlexLayoutExamplesWeb\dist\out-tsc\src\environments\environment.prod.js.map
C:\Users\jorge\OneDrive\jorgeprg\javascript\examples\FlexLayoutExamples\FlexLayoutExamplesWeb\dist\out-tsc\e2e\app.po.js
C:\Users\jorge\OneDrive\jorgeprg\javascript\examples\FlexLayoutExamples\FlexLayoutExamplesWeb\dist\out-tsc\e2e\app.po.js.map
C:\Users\jorge\OneDrive\jorgeprg\javascript\examples\FlexLayoutExamples\FlexLayoutExamplesWeb\dist\out-tsc\e2e\app.e2e-spec.js
C:\Users\jorge\OneDrive\jorgeprg\javascript\examples\FlexLayoutExamples\FlexLayoutExamplesWeb\dist\out-tsc\e2e\app.e2e-spec.js.map
C:\Users\jorge\OneDrive\jorgeprg\javascript\examples\FlexLayoutExamples\FlexLayoutExamplesWeb\dist\out-tsc\src\app\flex-layout-column.component.js
C:\Users\jorge\OneDrive\jorgeprg\javascript\examples\FlexLayoutExamples\FlexLayoutExamplesWeb\dist\out-tsc\src\app\flex-layout-column.component.js.map
C:\Users\jorge\OneDrive\jorgeprg\javascript\examples\FlexLayoutExamples\FlexLayoutExamplesWeb\dist\out-tsc\src\app\side-nav.component.js
C:\Users\jorge\OneDrive\jorgeprg\javascript\examples\FlexLayoutExamples\FlexLayoutExamplesWeb\dist\out-tsc\src\app\side-nav.component.js.map
C:\Users\jorge\OneDrive\jorgeprg\javascript\examples\FlexLayoutExamples\FlexLayoutExamplesWeb\dist\out-tsc\src\app\angular-material.component.js
C:\Users\jorge\OneDrive\jorgeprg\javascript\examples\FlexLayoutExamples\FlexLayoutExamplesWeb\dist\out-tsc\src\app\angular-material.component.js.map
C:\Users\jorge\OneDrive\jorgeprg\javascript\examples\FlexLayoutExamples\FlexLayoutExamplesWeb\dist\out-tsc\src\app\angular-routing.component.js
C:\Users\jorge\OneDrive\jorgeprg\javascript\examples\FlexLayoutExamples\FlexLayoutExamplesWeb\dist\out-tsc\src\app\angular-routing.component.js.map
C:\Users\jorge\OneDrive\jorgeprg\javascript\examples\FlexLayoutExamples\FlexLayoutExamplesWeb\dist\out-tsc\src\app\router-named-outlet.component.js
C:\Users\jorge\OneDrive\jorgeprg\javascript\examples\FlexLayoutExamples\FlexLayoutExamplesWeb\dist\out-tsc\src\app\router-named-outlet.component.js.map
C:\Users\jorge\OneDrive\jorgeprg\javascript\examples\FlexLayoutExamples\FlexLayoutExamplesWeb\dist\out-tsc\src\app\app-routing.module.js
C:\Users\jorge\OneDrive\jorgeprg\javascript\examples\FlexLayoutExamples\FlexLayoutExamplesWeb\dist\out-tsc\src\app\app-routing.module.js.map
C:\Users\jorge\OneDrive\jorgeprg\javascript\examples\FlexLayoutExamples\FlexLayoutExamplesWeb\dist\out-tsc\src\app\app.component.js
C:\Users\jorge\OneDrive\jorgeprg\javascript\examples\FlexLayoutExamples\FlexLayoutExamplesWeb\dist\out-tsc\src\app\app.component.js.map
C:\Users\jorge\OneDrive\jorgeprg\javascript\examples\FlexLayoutExamples\FlexLayoutExamplesWeb\dist\out-tsc\src\app\app.module.js
C:\Users\jorge\OneDrive\jorgeprg\javascript\examples\FlexLayoutExamples\FlexLayoutExamplesWeb\dist\out-tsc\src\app\app.module.js.map
C:\Users\jorge\OneDrive\jorgeprg\javascript\examples\FlexLayoutExamples\FlexLayoutExamplesWeb\dist\out-tsc\src\environments\environment.js
C:\Users\jorge\OneDrive\jorgeprg\javascript\examples\FlexLayoutExamples\FlexLayoutExamplesWeb\dist\out-tsc\src\environments\environment.js.map
C:\Users\jorge\OneDrive\jorgeprg\javascript\examples\FlexLayoutExamples\FlexLayoutExamplesWeb\dist\out-tsc\src\main.js
C:\Users\jorge\OneDrive\jorgeprg\javascript\examples\FlexLayoutExamples\FlexLayoutExamplesWeb\dist\out-tsc\src\main.js.map
C:\Users\jorge\OneDrive\jorgeprg\javascript\examples\FlexLayoutExamples\FlexLayoutExamplesWeb\dist\out-tsc\src\polyfills.js
C:\Users\jorge\OneDrive\jorgeprg\javascript\examples\FlexLayoutExamples\FlexLayoutExamplesWeb\dist\out-tsc\src\polyfills.js.map
C:\Users\jorge\OneDrive\jorgeprg\javascript\examples\FlexLayoutExamples\FlexLayoutExamplesWeb\dist\out-tsc\src\test.js
C:\Users\jorge\OneDrive\jorgeprg\javascript\examples\FlexLayoutExamples\FlexLayoutExamplesWeb\dist\out-tsc\src\test.js.map
C:\Users\jorge\OneDrive\jorgeprg\javascript\examples\FlexLayoutExamples\FlexLayoutExamplesWeb\dist\out-tsc\src\environments\environment.prod.js
C:\Users\jorge\OneDrive\jorgeprg\javascript\examples\FlexLayoutExamples\FlexLayoutExamplesWeb\dist\out-tsc\src\environments\environment.prod.js.map
C:\Users\jorge\OneDrive\jorgeprg\javascript\examples\FlexLayoutExamples\FlexLayoutExamplesWeb\dist\out-tsc\e2e\app.po.js
C:\Users\jorge\OneDrive\jorgeprg\javascript\examples\FlexLayoutExamples\FlexLayoutExamplesWeb\dist\out-tsc\e2e\app.po.js.map
C:\Users\jorge\OneDrive\jorgeprg\javascript\examples\FlexLayoutExamples\FlexLayoutExamplesWeb\dist\out-tsc\e2e\app.e2e-spec.js
C:\Users\jorge\OneDrive\jorgeprg\javascript\examples\FlexLayoutExamples\FlexLayoutExamplesWeb\dist\out-tsc\e2e\app.e2e-spec.js.map
C:\Users\jorge\OneDrive\jorgeprg\javascript\examples\FlexLayoutExamples\FlexLayoutExamplesWeb\dist\out-tsc\src\app\flex-layout-column.component.js
C:\Users\jorge\OneDrive\jorgeprg\javascript\examples\FlexLayoutExamples\FlexLayoutExamplesWeb\dist\out-tsc\src\app\flex-layout-column.component.js.map
C:\Users\jorge\OneDrive\jorgeprg\javascript\examples\FlexLayoutExamples\FlexLayoutExamplesWeb\dist\out-tsc\src\app\side-nav.component.js
C:\Users\jorge\OneDrive\jorgeprg\javascript\examples\FlexLayoutExamples\FlexLayoutExamplesWeb\dist\out-tsc\src\app\side-nav.component.js.map
C:\Users\jorge\OneDrive\jorgeprg\javascript\examples\FlexLayoutExamples\FlexLayoutExamplesWeb\dist\out-tsc\src\app\angular-material.component.js
C:\Users\jorge\OneDrive\jorgeprg\javascript\examples\FlexLayoutExamples\FlexLayoutExamplesWeb\dist\out-tsc\src\app\angular-material.component.js.map
C:\Users\jorge\OneDrive\jorgeprg\javascript\examples\FlexLayoutExamples\FlexLayoutExamplesWeb\dist\out-tsc\src\app\angular-routing.component.js
C:\Users\jorge\OneDrive\jorgeprg\javascript\examples\FlexLayoutExamples\FlexLayoutExamplesWeb\dist\out-tsc\src\app\angular-routing.component.js.map
C:\Users\jorge\OneDrive\jorgeprg\javascript\examples\FlexLayoutExamples\FlexLayoutExamplesWeb\dist\out-tsc\src\app\router-named-outlet.component.js
C:\Users\jorge\OneDrive\jorgeprg\javascript\examples\FlexLayoutExamples\FlexLayoutExamplesWeb\dist\out-tsc\src\app\router-named-outlet.component.js.map
C:\Users\jorge\OneDrive\jorgeprg\javascript\examples\FlexLayoutExamples\FlexLayoutExamplesWeb\dist\out-tsc\src\app\message.service.js
C:\Users\jorge\OneDrive\jorgeprg\javascript\examples\FlexLayoutExamples\FlexLayoutExamplesWeb\dist\out-tsc\src\app\message.service.js.map
C:\Users\jorge\OneDrive\jorgeprg\javascript\examples\FlexLayoutExamples\FlexLayoutExamplesWeb\dist\out-tsc\src\app\messagin-service.component.js
C:\Users\jorge\OneDrive\jorgeprg\javascript\examples\FlexLayoutExamples\FlexLayoutExamplesWeb\dist\out-tsc\src\app\messagin-service.component.js.map
C:\Users\jorge\OneDrive\jorgeprg\javascript\examples\FlexLayoutExamples\FlexLayoutExamplesWeb\dist\out-tsc\src\app\app-routing.module.js
C:\Users\jorge\OneDrive\jorgeprg\javascript\examples\FlexLayoutExamples\FlexLayoutExamplesWeb\dist\out-tsc\src\app\app-routing.module.js.map
C:\Users\jorge\OneDrive\jorgeprg\javascript\examples\FlexLayoutExamples\FlexLayoutExamplesWeb\dist\out-tsc\src\app\app.component.js
C:\Users\jorge\OneDrive\jorgeprg\javascript\examples\FlexLayoutExamples\FlexLayoutExamplesWeb\dist\out-tsc\src\app\app.component.js.map
C:\Users\jorge\OneDrive\jorgeprg\javascript\examples\FlexLayoutExamples\FlexLayoutExamplesWeb\dist\out-tsc\src\app\app.module.js
C:\Users\jorge\OneDrive\jorgeprg\javascript\examples\FlexLayoutExamples\FlexLayoutExamplesWeb\dist\out-tsc\src\app\app.module.js.map
C:\Users\jorge\OneDrive\jorgeprg\javascript\examples\FlexLayoutExamples\FlexLayoutExamplesWeb\dist\out-tsc\src\environments\environment.js
C:\Users\jorge\OneDrive\jorgeprg\javascript\examples\FlexLayoutExamples\FlexLayoutExamplesWeb\dist\out-tsc\src\environments\environment.js.map
C:\Users\jorge\OneDrive\jorgeprg\javascript\examples\FlexLayoutExamples\FlexLayoutExamplesWeb\dist\out-tsc\src\main.js
C:\Users\jorge\OneDrive\jorgeprg\javascript\examples\FlexLayoutExamples\FlexLayoutExamplesWeb\dist\out-tsc\src\main.js.map
C:\Users\jorge\OneDrive\jorgeprg\javascript\examples\FlexLayoutExamples\FlexLayoutExamplesWeb\dist\out-tsc\src\polyfills.js
C:\Users\jorge\OneDrive\jorgeprg\javascript\examples\FlexLayoutExamples\FlexLayoutExamplesWeb\dist\out-tsc\src\polyfills.js.map
C:\Users\jorge\OneDrive\jorgeprg\javascript\examples\FlexLayoutExamples\FlexLayoutExamplesWeb\dist\out-tsc\src\test.js
C:\Users\jorge\OneDrive\jorgeprg\javascript\examples\FlexLayoutExamples\FlexLayoutExamplesWeb\dist\out-tsc\src\test.js.map
C:\Users\jorge\OneDrive\jorgeprg\javascript\examples\FlexLayoutExamples\FlexLayoutExamplesWeb\dist\out-tsc\src\environments\environment.prod.js
C:\Users\jorge\OneDrive\jorgeprg\javascript\examples\FlexLayoutExamples\FlexLayoutExamplesWeb\dist\out-tsc\src\environments\environment.prod.js.map
C:\Users\jorge\OneDrive\jorgeprg\javascript\examples\FlexLayoutExamples\FlexLayoutExamplesWeb\dist\out-tsc\e2e\app.po.js
C:\Users\jorge\OneDrive\jorgeprg\javascript\examples\FlexLayoutExamples\FlexLayoutExamplesWeb\dist\out-tsc\e2e\app.po.js.map
C:\Users\jorge\OneDrive\jorgeprg\javascript\examples\FlexLayoutExamples\FlexLayoutExamplesWeb\dist\out-tsc\e2e\app.e2e-spec.js
C:\Users\jorge\OneDrive\jorgeprg\javascript\examples\FlexLayoutExamples\FlexLayoutExamplesWeb\dist\out-tsc\e2e\app.e2e-spec.js.map
